<?xml version="1.0" encoding="UTF-8"?>
<testng-results skipped="0" failed="0" ignored="0" total="1" passed="1">
  <reporter-output>
  </reporter-output>
  <suite name="Default suite" duration-ms="6324" started-at="2022-12-10T16:05:54 CST" finished-at="2022-12-10T16:06:01 CST">
    <groups>
    </groups>
    <test name="Default test" duration-ms="6324" started-at="2022-12-10T16:05:54 CST" finished-at="2022-12-10T16:06:01 CST">
      <class name="test">
        <test-method status="PASS" signature="launch()[pri:0, instance:test@45820e51]" name="launch" is-config="true" duration-ms="5824" started-at="2022-12-10T16:05:54 CST" finished-at="2022-12-10T16:06:00 CST">
          <reporter-output>
          </reporter-output>
        </test-method> <!-- launch -->
        <test-method status="PASS" signature="login2()[pri:0, instance:test@45820e51]" name="login2" duration-ms="449" started-at="2022-12-10T16:06:00 CST" finished-at="2022-12-10T16:06:01 CST">
          <reporter-output>
          </reporter-output>
        </test-method> <!-- login2 -->
      </class> <!-- test -->
    </test> <!-- Default test -->
  </suite> <!-- Default suite -->
</testng-results>
